<?xml version="1.0" encoding="UTF-8"?>
<!-- Generated by org.testng.reporters.JUnitReportReporter -->
<testsuite hostname="Dani-PC" name="rest_integration.POST" tests="3" failures="0" timestamp="23 Nov 2015 09:58:44 GMT" time="0.545" errors="0">
  <testcase name="newCategory" time="0.230" classname="rest_integration.POST"/>
  <testcase name="newComment" time="0.150" classname="rest_integration.POST"/>
  <testcase name="newItem" time="0.165" classname="rest_integration.POST"/>
</testsuite> <!-- rest_integration.POST -->
