<?xml version="1.0" encoding="UTF-8"?>
<!-- Generated by org.testng.reporters.JUnitReportReporter -->
<testsuite hostname="Nocker-PC" name="selenium.UserBrowserTest" tests="3" failures="0" timestamp="21 Nov 2015 19:45:09 GMT" time="70.319" errors="0">
  <testcase name="authenticationTest" time="12.602" classname="selenium.UserBrowserTest"/>
  <testcase name="userRightsTest" time="33.623" classname="selenium.UserBrowserTest"/>
  <testcase name="newCommentTest" time="24.094" classname="selenium.UserBrowserTest"/>
</testsuite> <!-- selenium.UserBrowserTest -->
