<?xml version="1.0" encoding="UTF-8"?>
<!-- Generated by org.testng.reporters.JUnitReportReporter -->
<testsuite hostname="Nocker-PC" name="selenium.AdminBrowserTest" tests="3" failures="0" timestamp="24 Nov 2015 13:36:10 GMT" time="48.809" errors="0">
  <testcase name="adminRightsTest" time="22.133" classname="selenium.AdminBrowserTest"/>
  <testcase name="newItemTest" time="14.734" classname="selenium.AdminBrowserTest"/>
  <testcase name="authenticationTest" time="11.942" classname="selenium.AdminBrowserTest"/>
</testsuite> <!-- selenium.AdminBrowserTest -->
