<?xml version="1.0" encoding="UTF-8"?>
<!-- Generated by org.testng.reporters.JUnitReportReporter -->
<testsuite hostname="Nocker-PC" name="selenium.AdminBrowserTest" tests="3" failures="0" timestamp="21 Nov 2015 20:18:48 GMT" time="36.766" errors="0">
  <testcase name="adminRightsTest" time="11.564" classname="selenium.AdminBrowserTest"/>
  <testcase name="newItemTest" time="14.253" classname="selenium.AdminBrowserTest"/>
  <testcase name="authenticationTest" time="10.949" classname="selenium.AdminBrowserTest"/>
</testsuite> <!-- selenium.AdminBrowserTest -->
