<?xml version="1.0" encoding="UTF-8"?>
<!-- Generated by org.testng.reporters.JUnitReportReporter -->
<testsuite hostname="Nocker-PC" name="rest_unit.CategoryControllerTest" tests="7" failures="0" timestamp="24 Nov 2015 13:34:50 GMT" time="0.134" errors="0">
  <testcase name="changeCategory" time="0.129" classname="rest_unit.CategoryControllerTest"/>
  <testcase name="changeCategoryNoPermission" time="0.000" classname="rest_unit.CategoryControllerTest"/>
  <testcase name="changeCategoryWrongUser" time="0.001" classname="rest_unit.CategoryControllerTest"/>
  <testcase name="createCategory" time="0.001" classname="rest_unit.CategoryControllerTest"/>
  <testcase name="changeCategoryWrongCategory" time="0.001" classname="rest_unit.CategoryControllerTest"/>
  <testcase name="createCategoryWrongUser" time="0.001" classname="rest_unit.CategoryControllerTest"/>
  <testcase name="createCategoryNoPermission" time="0.001" classname="rest_unit.CategoryControllerTest"/>
</testsuite> <!-- rest_unit.CategoryControllerTest -->
