<?xml version="1.0" encoding="UTF-8"?>
<!-- Generated by org.testng.reporters.JUnitReportReporter -->
<testsuite hostname="Dani-PC" name="rest_integration.GET" tests="8" failures="0" timestamp="23 Nov 2015 09:58:44 GMT" time="6.810" errors="0">
  <testcase name="itemHTML" time="0.031" classname="rest_integration.GET"/>
  <testcase name="commentHTML" time="0.013" classname="rest_integration.GET"/>
  <testcase name="categoryJSON" time="0.019" classname="rest_integration.GET"/>
  <testcase name="categoryHTML" time="0.069" classname="rest_integration.GET"/>
  <testcase name="allCommentsJSON" time="6.636" classname="rest_integration.GET"/>
  <testcase name="itemJSON" time="0.011" classname="rest_integration.GET"/>
  <testcase name="commentJSON" time="0.013" classname="rest_integration.GET"/>
  <testcase name="allCommentsHTML" time="0.018" classname="rest_integration.GET"/>
</testsuite> <!-- rest_integration.GET -->
