<?xml version="1.0" encoding="UTF-8"?>
<!-- Generated by org.testng.reporters.JUnitReportReporter -->
<testsuite hostname="Nocker-PC" name="rest_unit.CommentControllerTest" tests="11" failures="0" timestamp="24 Nov 2015 13:34:50 GMT" time="0.010" errors="0">
  <testcase name="changeCommentNotInTheDatabase" time="0.001" classname="rest_unit.CommentControllerTest"/>
  <testcase name="newComment" time="0.001" classname="rest_unit.CommentControllerTest"/>
  <testcase name="deleteCommentNoPermission" time="0.001" classname="rest_unit.CommentControllerTest"/>
  <testcase name="changeCommentOwnComment" time="0.001" classname="rest_unit.CommentControllerTest"/>
  <testcase name="newCommentNoText" time="0.000" classname="rest_unit.CommentControllerTest"/>
  <testcase name="deleteCommentNotInTheDatabase" time="0.002" classname="rest_unit.CommentControllerTest"/>
  <testcase name="changeComment" time="0.002" classname="rest_unit.CommentControllerTest"/>
  <testcase name="newCommentNotInTheDatabase" time="0.001" classname="rest_unit.CommentControllerTest"/>
  <testcase name="changeCommentNoPermission" time="0.000" classname="rest_unit.CommentControllerTest"/>
  <testcase name="deleteComment" time="0.000" classname="rest_unit.CommentControllerTest"/>
  <testcase name="newCommentNoPermission" time="0.001" classname="rest_unit.CommentControllerTest"/>
</testsuite> <!-- rest_unit.CommentControllerTest -->
