<?xml version="1.0" encoding="UTF-8"?>
<!-- Generated by org.testng.reporters.JUnitReportReporter -->
<testsuite hostname="Dani-PC" name="rest.PUT" tests="3" failures="0" timestamp="22 Nov 2015 15:07:20 GMT" time="0.535" errors="0">
  <testcase name="changeComment" time="0.223" classname="rest.PUT"/>
  <testcase name="changeCategory" time="0.150" classname="rest.PUT"/>
  <testcase name="changeItem" time="0.162" classname="rest.PUT"/>
</testsuite> <!-- rest.PUT -->
