<?xml version="1.0" encoding="UTF-8"?>
<!-- Generated by org.testng.reporters.JUnitReportReporter -->
<testsuite hostname="Nocker-PC" name="selenium.GuestBrowserTest" tests="3" failures="0" timestamp="21 Nov 2015 16:03:13 GMT" time="32.652" errors="0">
  <testcase name="bikeBookTest" time="12.194" classname="selenium.GuestBrowserTest"/>
  <testcase name="booksTest" time="11.042" classname="selenium.GuestBrowserTest"/>
  <testcase name="initialLoadTest" time="9.416" classname="selenium.GuestBrowserTest"/>
</testsuite> <!-- selenium.GuestBrowserTest -->
