<?xml version="1.0" encoding="UTF-8"?>
<!-- Generated by org.testng.reporters.JUnitReportReporter -->
<testsuite hostname="Dani-PC" name="rest_integration.PUT" tests="3" failures="0" timestamp="23 Nov 2015 09:58:44 GMT" time="1.174" errors="0">
  <testcase name="changeCategory" time="0.663" classname="rest_integration.PUT"/>
  <testcase name="changeComment" time="0.347" classname="rest_integration.PUT"/>
  <testcase name="changeItem" time="0.164" classname="rest_integration.PUT"/>
</testsuite> <!-- rest_integration.PUT -->
