<?xml version="1.0" encoding="UTF-8"?>
<!-- Generated by org.testng.reporters.JUnitReportReporter -->
<testsuite hostname="Dani-PC" name="selenium.AdminBrowserTest" tests="3" failures="0" timestamp="22 Nov 2015 13:24:55 GMT" time="70.217" errors="0">
  <testcase name="adminRightsTest" time="32.182" classname="selenium.AdminBrowserTest"/>
  <testcase name="newItemTest" time="18.833" classname="selenium.AdminBrowserTest"/>
  <testcase name="authenticationTest" time="19.202" classname="selenium.AdminBrowserTest"/>
</testsuite> <!-- selenium.AdminBrowserTest -->
