<?xml version="1.0" encoding="UTF-8"?>
<!-- Generated by org.testng.reporters.JUnitReportReporter -->
<testsuite hostname="Dani-PC" name="rest_unit.CategoryControllerTest" tests="7" failures="0" timestamp="23 Nov 2015 09:58:44 GMT" time="0.019" errors="0">
  <testcase name="changeCategoryWrongUser" time="0.002" classname="rest_unit.CategoryControllerTest"/>
  <testcase name="createCategory" time="0.005" classname="rest_unit.CategoryControllerTest"/>
  <testcase name="createCategoryWrongUser" time="0.001" classname="rest_unit.CategoryControllerTest"/>
  <testcase name="changeCategoryNoPermission" time="0.001" classname="rest_unit.CategoryControllerTest"/>
  <testcase name="createCategoryNoPermission" time="0.002" classname="rest_unit.CategoryControllerTest"/>
  <testcase name="changeCategory" time="0.006" classname="rest_unit.CategoryControllerTest"/>
  <testcase name="changeCategoryWrongCategory" time="0.002" classname="rest_unit.CategoryControllerTest"/>
</testsuite> <!-- rest_unit.CategoryControllerTest -->
