<?xml version="1.0" encoding="UTF-8"?>
<!-- Generated by org.testng.reporters.JUnitReportReporter -->
<testsuite hostname="Dani-PC" name="rest.POST" tests="3" failures="0" timestamp="22 Nov 2015 15:07:20 GMT" time="0.488" errors="0">
  <testcase name="newItem" time="0.154" classname="rest.POST"/>
  <testcase name="newCategory" time="0.182" classname="rest.POST"/>
  <testcase name="newComment" time="0.152" classname="rest.POST"/>
</testsuite> <!-- rest.POST -->
