<?xml version="1.0" encoding="UTF-8"?>
<!-- Generated by org.testng.reporters.JUnitReportReporter -->
<testsuite hostname="Nocker-PC" name="rest_unit.ItemControllerTest" tests="12" failures="0" timestamp="24 Nov 2015 13:34:50 GMT" time="0.093" errors="0">
  <testcase name="deleteItemNotInTheDatabase" time="0.001" classname="rest_unit.ItemControllerTest"/>
  <testcase name="newItemNoDescription" time="0.002" classname="rest_unit.ItemControllerTest"/>
  <testcase name="changeItemNoPermission" time="0.001" classname="rest_unit.ItemControllerTest"/>
  <testcase name="newItem" time="0.027" classname="rest_unit.ItemControllerTest"/>
  <testcase name="newItemItemWithoutTitle" time="0.001" classname="rest_unit.ItemControllerTest"/>
  <testcase name="changeItemNotInTheDatabase" time="0.001" classname="rest_unit.ItemControllerTest"/>
  <testcase name="newItemNotInTheDatabase" time="0.001" classname="rest_unit.ItemControllerTest"/>
  <testcase name="changeItem" time="0.058" classname="rest_unit.ItemControllerTest"/>
  <testcase name="deleteItem" time="0.000" classname="rest_unit.ItemControllerTest"/>
  <testcase name="newItemItemNoPermission" time="0.000" classname="rest_unit.ItemControllerTest"/>
  <testcase name="deleteItemNoPermission" time="0.000" classname="rest_unit.ItemControllerTest"/>
  <testcase name="changeItemWithoutTitleDescription" time="0.001" classname="rest_unit.ItemControllerTest"/>
</testsuite> <!-- rest_unit.ItemControllerTest -->
