<?xml version="1.0" encoding="UTF-8"?>
<!-- Generated by org.testng.reporters.JUnitReportReporter -->
<testsuite hostname="Dani-PC" name="rest.GET" tests="8" failures="0" timestamp="22 Nov 2015 15:07:20 GMT" time="0.823" errors="0">
  <testcase name="categoryHTML" time="0.705" classname="rest.GET"/>
  <testcase name="commentHTML" time="0.009" classname="rest.GET"/>
  <testcase name="allCommentsJSON" time="0.010" classname="rest.GET"/>
  <testcase name="itemJSON" time="0.023" classname="rest.GET"/>
  <testcase name="allCommentsHTML" time="0.032" classname="rest.GET"/>
  <testcase name="commentJSON" time="0.008" classname="rest.GET"/>
  <testcase name="categoryJSON" time="0.011" classname="rest.GET"/>
  <testcase name="itemHTML" time="0.025" classname="rest.GET"/>
</testsuite> <!-- rest.GET -->
